# JRE version: Java(TM) SE Runtime Environment (17.0.5+9) (build 17.0.5+9-LTS-191)
# Java VM: Java HotSpot(TM) 64-Bit Server VM (17.0.5+9-LTS-191, mixed mode, sharing, tiered, compressed oops, compressed class ptrs, g1 gc, windows-amd64)
GC Precious Log:
 CPUs: 8 total, 8 available
 Memory: 7952M
 Large Page Support: Disabled
 NUMA Support: Disabled
 Compressed Oops: Enabled (32-bit)
 Heap Region Size: 1M
 Heap Min Capacity: 8M
 Heap Initial Capacity: 126M
 Heap Max Capacity: 1990M
 Pre-touch: Disabled
 Parallel Workers: 8
 Concurrent Workers: 2
 Concurrent Refinement Workers: 8
 Periodic GC: Disabled
Heap:
 garbage-first heap   total 224256K, used 115548K [0x0000000083a00000, 0x0000000100000000)
  region size 1024K, 8 young (8192K), 4 survivors (4096K)
 Metaspace       used 34976K, committed 36224K, reserved 1089536K
  class space    used 3930K, committed 4288K, reserved 1048576K
GC Heap History (20 events):
Event: 7.026 GC heap before
{Heap before GC invocations=10 (full 0):
 garbage-first heap   total 181248K, used 133632K [0x0000000083a00000, 0x0000000100000000)
  region size 1024K, 88 young (90112K), 4 survivors (4096K)
 Metaspace       used 29345K, committed 29696K, reserved 1081344K
  class space    used 3306K, committed 3456K, reserved 1048576K
}
Event: 7.033 GC heap after
{Heap after GC invocations=11 (full 0):
 garbage-first heap   total 181248K, used 52362K [0x0000000083a00000, 0x0000000100000000)
  region size 1024K, 9 young (9216K), 9 survivors (9216K)
 Metaspace       used 29345K, committed 29696K, reserved 1081344K
  class space    used 3306K, committed 3456K, reserved 1048576K
}
Event: 7.351 GC heap before
{Heap before GC invocations=11 (full 0):
 garbage-first heap   total 181248K, used 128138K [0x0000000083a00000, 0x0000000100000000)
  region size 1024K, 83 young (84992K), 9 survivors (9216K)
 Metaspace       used 29534K, committed 29888K, reserved 1081344K
  class space    used 3320K, committed 3456K, reserved 1048576K
}
Event: 7.364 GC heap after
{Heap after GC invocations=12 (full 0):
 garbage-first heap   total 181248K, used 56832K [0x0000000083a00000, 0x0000000100000000)
  region size 1024K, 9 young (9216K), 9 survivors (9216K)
 Metaspace       used 29534K, committed 29888K, reserved 1081344K
  class space    used 3320K, committed 3456K, reserved 1048576K
}
Event: 7.619 GC heap before
{Heap before GC invocations=12 (full 0):
 garbage-first heap   total 181248K, used 133632K [0x0000000083a00000, 0x0000000100000000)
  region size 1024K, 84 young (86016K), 9 survivors (9216K)
 Metaspace       used 29617K, committed 30016K, reserved 1081344K
  class space    used 3325K, committed 3520K, reserved 1048576K
}
Event: 7.629 GC heap after
{Heap after GC invocations=13 (full 0):
 garbage-first heap   total 181248K, used 59696K [0x0000000083a00000, 0x0000000100000000)
  region size 1024K, 8 young (8192K), 8 survivors (8192K)
 Metaspace       used 29617K, committed 30016K, reserved 1081344K
  class space    used 3325K, committed 3520K, reserved 1048576K
}
Event: 7.886 GC heap before
{Heap before GC invocations=13 (full 0):
 garbage-first heap   total 181248K, used 137520K [0x0000000083a00000, 0x0000000100000000)
  region size 1024K, 84 young (86016K), 8 survivors (8192K)
 Metaspace       used 29719K, committed 30144K, reserved 1081344K
  class space    used 3325K, committed 3520K, reserved 1048576K
}
Event: 7.895 GC heap after
{Heap after GC invocations=14 (full 0):
 garbage-first heap   total 181248K, used 59602K [0x0000000083a00000, 0x0000000100000000)
  region size 1024K, 4 young (4096K), 4 survivors (4096K)
 Metaspace       used 29719K, committed 30144K, reserved 1081344K
  class space    used 3325K, committed 3520K, reserved 1048576K
}
Event: 8.512 GC heap before
{Heap before GC invocations=14 (full 0):
 garbage-first heap   total 181248K, used 140498K [0x0000000083a00000, 0x0000000100000000)
  region size 1024K, 83 young (84992K), 4 survivors (4096K)
 Metaspace       used 31263K, committed 31616K, reserved 1081344K
  class space    used 3509K, committed 3648K, reserved 1048576K
}
Event: 8.518 GC heap after
{Heap after GC invocations=15 (full 0):
 garbage-first heap   total 181248K, used 60180K [0x0000000083a00000, 0x0000000100000000)
  region size 1024K, 4 young (4096K), 4 survivors (4096K)
 Metaspace       used 31263K, committed 31616K, reserved 1081344K
  class space    used 3509K, committed 3648K, reserved 1048576K
}
Event: 9.748 GC heap before
{Heap before GC invocations=15 (full 0):
 garbage-first heap   total 181248K, used 150292K [0x0000000083a00000, 0x0000000100000000)
  region size 1024K, 85 young (87040K), 4 survivors (4096K)
 Metaspace       used 32336K, committed 32704K, reserved 1081344K
  class space    used 3578K, committed 3712K, reserved 1048576K
}
Event: 9.763 GC heap after
{Heap after GC invocations=16 (full 0):
 garbage-first heap   total 181248K, used 76228K [0x0000000083a00000, 0x0000000100000000)
  region size 1024K, 11 young (11264K), 11 survivors (11264K)
 Metaspace       used 32336K, committed 32704K, reserved 1081344K
  class space    used 3578K, committed 3712K, reserved 1048576K
}
Event: 10.646 GC heap before
{Heap before GC invocations=16 (full 0):
 garbage-first heap   total 181248K, used 139716K [0x0000000083a00000, 0x0000000100000000)
  region size 1024K, 74 young (75776K), 11 survivors (11264K)
 Metaspace       used 33699K, committed 34112K, reserved 1081344K
  class space    used 3741K, committed 3904K, reserved 1048576K
}
Event: 10.659 GC heap after
{Heap after GC invocations=17 (full 0):
 garbage-first heap   total 181248K, used 89600K [0x0000000083a00000, 0x0000000100000000)
  region size 1024K, 10 young (10240K), 10 survivors (10240K)
 Metaspace       used 33699K, committed 34112K, reserved 1081344K
  class space    used 3741K, committed 3904K, reserved 1048576K
}
Event: 11.474 GC heap before
{Heap before GC invocations=17 (full 0):
 garbage-first heap   total 181248K, used 140800K [0x0000000083a00000, 0x0000000100000000)
  region size 1024K, 59 young (60416K), 10 survivors (10240K)
 Metaspace       used 36587K, committed 36992K, reserved 1081344K
  class space    used 4101K, committed 4288K, reserved 1048576K
}
Event: 11.479 GC heap after
{Heap after GC invocations=18 (full 0):
 garbage-first heap   total 224256K, used 92115K [0x0000000083a00000, 0x0000000100000000)
  region size 1024K, 5 young (5120K), 5 survivors (5120K)
 Metaspace       used 36587K, committed 36992K, reserved 1081344K
  class space    used 4101K, committed 4288K, reserved 1048576K
}
Event: 11.505 GC heap before
{Heap before GC invocations=18 (full 0):
 garbage-first heap   total 224256K, used 107475K [0x0000000083a00000, 0x0000000100000000)
  region size 1024K, 9 young (9216K), 5 survivors (5120K)
 Metaspace       used 36852K, committed 37312K, reserved 1089536K
  class space    used 4139K, committed 4352K, reserved 1048576K
}
Event: 11.508 GC heap after
{Heap after GC invocations=19 (full 0):
 garbage-first heap   total 224256K, used 104053K [0x0000000083a00000, 0x0000000100000000)
  region size 1024K, 5 young (5120K), 5 survivors (5120K)
 Metaspace       used 36852K, committed 37312K, reserved 1089536K
  class space    used 4139K, committed 4352K, reserved 1048576K
}
Event: 11.509 GC heap before
{Heap before GC invocations=19 (full 0):
 garbage-first heap   total 224256K, used 110197K [0x0000000083a00000, 0x0000000100000000)
  region size 1024K, 8 young (8192K), 5 survivors (5120K)
 Metaspace       used 36852K, committed 37312K, reserved 1089536K
  class space    used 4139K, committed 4352K, reserved 1048576K
}
Event: 11.512 GC heap after
{Heap after GC invocations=20 (full 0):
 garbage-first heap   total 224256K, used 107868K [0x0000000083a00000, 0x0000000100000000)
  region size 1024K, 4 young (4096K), 4 survivors (4096K)
 Metaspace       used 36852K, committed 37312K, reserved 1089536K
  class space    used 4139K, committed 4352K, reserved 1048576K
}

